<?xml version="1.0" encoding="UTF-8"?>
<!-- Generated by org.testng.reporters.JUnitReportReporter -->
<testsuite hostname="DESKTOP-KBVRU2P" failures="0" tests="1" name="batchExe.LanchNyk" time="41.508" errors="0" timestamp="2024-04-15T20:27:17 IST" skipped="0">
  <testcase classname="batchExe.LanchNyk" name="nyka" time="41.508"/>
</testsuite> <!-- batchExe.LanchNyk -->
