<?xml version="1.0" encoding="UTF-8"?>
<!-- Generated by org.testng.reporters.JUnitReportReporter -->
<testsuite hostname="DESKTOP-KBVRU2P" failures="0" tests="2" name="externalFile.LearningDataProvider" time="99.562" errors="0" timestamp="2024-04-17T20:40:26 IST" skipped="0">
  <testcase classname="externalFile.LearningDataProvider" name="register" time="26.886"/>
  <system-out/>
  <testcase classname="externalFile.LearningDataProvider" name="register" time="72.676"/>
  <system-out/>
</testsuite> <!-- externalFile.LearningDataProvider -->
